<?xml version="1.0" encoding="UTF-8"?>
<testng-results skipped="0" failed="0" ignored="0" total="1" passed="1">
  <reporter-output>
  </reporter-output>
  <suite name="Suite" duration-ms="140840" started-at="2019-03-09T07:26:57Z" finished-at="2019-03-09T07:29:18Z">
    <groups>
    </groups>
    <test name="Test" duration-ms="140840" started-at="2019-03-09T07:26:57Z" finished-at="2019-03-09T07:29:18Z">
      <class name="testSelenium.Login">
        <test-method status="PASS" signature="login()[pri:0, instance:testSelenium.Login@27f674d]" name="login" duration-ms="140799" started-at="2019-03-09T07:26:57Z" finished-at="2019-03-09T07:29:18Z">
          <reporter-output>
          </reporter-output>
        </test-method> <!-- login -->
      </class> <!-- testSelenium.Login -->
    </test> <!-- Test -->
  </suite> <!-- Suite -->
</testng-results>
