<?xml version="1.0" encoding="UTF-8"?>
<testng-results skipped="0" failed="0" ignored="0" total="1" passed="1">
  <reporter-output>
  </reporter-output>
  <suite name="Suite" duration-ms="114186" started-at="2019-03-09T06:54:13Z" finished-at="2019-03-09T06:56:08Z">
    <groups>
    </groups>
    <test name="Test" duration-ms="114186" started-at="2019-03-09T06:54:13Z" finished-at="2019-03-09T06:56:08Z">
      <class name="testSelenium.Login">
        <test-method status="PASS" signature="login()[pri:0, instance:testSelenium.Login@3532ec19]" name="login" duration-ms="114148" started-at="2019-03-09T06:54:13Z" finished-at="2019-03-09T06:56:08Z">
          <reporter-output>
          </reporter-output>
        </test-method> <!-- login -->
      </class> <!-- testSelenium.Login -->
    </test> <!-- Test -->
  </suite> <!-- Suite -->
</testng-results>
